Building DAG of jobs...
Using shell: /usr/bin/bash
Provided cores: 12
Rules claiming more threads will be scaled down.
Job stats:
job      count
-----  -------
all          1
trim        16
total       17

Select jobs to execute...
Execute 12 jobs...

[Tue Jan 30 11:50:35 2024]
localrule trim:
    input: /maps/projects/lundbeck/scratch/sslib_devel/fastqs/106503P-iadk-LV2002541205-P5s-srmQ-E-300bp-C7-cutsmart_S93_L001_R1_001.fastq.gz, /maps/projects/lundbeck/scratch/sslib_devel/fastqs/106503P-iadk-LV2002541205-P5s-srmQ-E-300bp-C7-cutsmart_S93_L001_R2_001.fastq.gz
    output: /maps/projects/lundbeck/scratch/sslib_devel/mapped/trimmed/106503P-iadk-LV2002541205-P5s-srmQ-E-300bp-C7-cutsmart_S93_L001.pair1.truncated.gz, /maps/projects/lundbeck/scratch/sslib_devel/mapped/trimmed/106503P-iadk-LV2002541205-P5s-srmQ-E-300bp-C7-cutsmart_S93_L001.pair2.truncated.gz, /maps/projects/lundbeck/scratch/sslib_devel/mapped/trimmed/106503P-iadk-LV2002541205-P5s-srmQ-E-300bp-C7-cutsmart_S93_L001.collapsed.gz, /maps/projects/lundbeck/scratch/sslib_devel/mapped/trimmed/106503P-iadk-LV2002541205-P5s-srmQ-E-300bp-C7-cutsmart_S93_L001.settings
    jobid: 3
    reason: Missing output files: /maps/projects/lundbeck/scratch/sslib_devel/mapped/trimmed/106503P-iadk-LV2002541205-P5s-srmQ-E-300bp-C7-cutsmart_S93_L001.collapsed.gz
    wildcards: fq_fullname=106503P-iadk-LV2002541205-P5s-srmQ-E-300bp-C7-cutsmart_S93_L001
    threads: 6
    resources: tmpdir=/tmp

AdapterRemoval --threads 6 --file1 /maps/projects/lundbeck/scratch/sslib_devel/fastqs/106503P-iadk-LV2002541205-P5s-srmQ-E-300bp-C7-cutsmart_S93_L001_R1_001.fastq.gz --file2 /maps/projects/lundbeck/scratch/sslib_devel/fastqs/106503P-iadk-LV2002541205-P5s-srmQ-E-300bp-C7-cutsmart_S93_L001_R2_001.fastq.gz --minlength 30 --adapter1 AGATCGGAAGAGCACACGTCTGAACTCCAGTCAC --adapter2 GGAAGAGCGTCGTGTAGGGAAAGAGTGT --collapse-conservatively --basename /maps/projects/lundbeck/scratch/sslib_devel/mapped/trimmed/106503P-iadk-LV2002541205-P5s-srmQ-E-300bp-C7-cutsmart_S93_L001 --gzip 

[Tue Jan 30 11:50:36 2024]
localrule trim:
    input: /maps/projects/lundbeck/scratch/sslib_devel/fastqs/106503P-iadk-LV2002541205-P5s-srmQ-E-300bp-D10-cutsmart-rSAP_S94_L002_R1_001.fastq.gz, /maps/projects/lundbeck/scratch/sslib_devel/fastqs/106503P-iadk-LV2002541205-P5s-srmQ-E-300bp-D10-cutsmart-rSAP_S94_L002_R2_001.fastq.gz
    output: /maps/projects/lundbeck/scratch/sslib_devel/mapped/trimmed/106503P-iadk-LV2002541205-P5s-srmQ-E-300bp-D10-cutsmart-rSAP_S94_L002.pair1.truncated.gz, /maps/projects/lundbeck/scratch/sslib_devel/mapped/trimmed/106503P-iadk-LV2002541205-P5s-srmQ-E-300bp-D10-cutsmart-rSAP_S94_L002.pair2.truncated.gz, /maps/projects/lundbeck/scratch/sslib_devel/mapped/trimmed/106503P-iadk-LV2002541205-P5s-srmQ-E-300bp-D10-cutsmart-rSAP_S94_L002.collapsed.gz, /maps/projects/lundbeck/scratch/sslib_devel/mapped/trimmed/106503P-iadk-LV2002541205-P5s-srmQ-E-300bp-D10-cutsmart-rSAP_S94_L002.settings
    jobid: 5
    reason: Missing output files: /maps/projects/lundbeck/scratch/sslib_devel/mapped/trimmed/106503P-iadk-LV2002541205-P5s-srmQ-E-300bp-D10-cutsmart-rSAP_S94_L002.collapsed.gz
    wildcards: fq_fullname=106503P-iadk-LV2002541205-P5s-srmQ-E-300bp-D10-cutsmart-rSAP_S94_L002
    threads: 6
    resources: tmpdir=/tmp

AdapterRemoval --threads 6 --file1 /maps/projects/lundbeck/scratch/sslib_devel/fastqs/106503P-iadk-LV2002541205-P5s-srmQ-E-300bp-D10-cutsmart-rSAP_S94_L002_R1_001.fastq.gz --file2 /maps/projects/lundbeck/scratch/sslib_devel/fastqs/106503P-iadk-LV2002541205-P5s-srmQ-E-300bp-D10-cutsmart-rSAP_S94_L002_R2_001.fastq.gz --minlength 30 --adapter1 AGATCGGAAGAGCACACGTCTGAACTCCAGTCAC --adapter2 GGAAGAGCGTCGTGTAGGGAAAGAGTGT --collapse-conservatively --basename /maps/projects/lundbeck/scratch/sslib_devel/mapped/trimmed/106503P-iadk-LV2002541205-P5s-srmQ-E-300bp-D10-cutsmart-rSAP_S94_L002 --gzip 

[Tue Jan 30 11:50:36 2024]
localrule trim:
    input: /maps/projects/lundbeck/scratch/sslib_devel/fastqs/106503P-iadk-LV2002541205-P5s-srmQ-E-300bp-A2-control_S91_L003_R1_001.fastq.gz, /maps/projects/lundbeck/scratch/sslib_devel/fastqs/106503P-iadk-LV2002541205-P5s-srmQ-E-300bp-A2-control_S91_L003_R2_001.fastq.gz
    output: /maps/projects/lundbeck/scratch/sslib_devel/mapped/trimmed/106503P-iadk-LV2002541205-P5s-srmQ-E-300bp-A2-control_S91_L003.pair1.truncated.gz, /maps/projects/lundbeck/scratch/sslib_devel/mapped/trimmed/106503P-iadk-LV2002541205-P5s-srmQ-E-300bp-A2-control_S91_L003.pair2.truncated.gz, /maps/projects/lundbeck/scratch/sslib_devel/mapped/trimmed/106503P-iadk-LV2002541205-P5s-srmQ-E-300bp-A2-control_S91_L003.collapsed.gz, /maps/projects/lundbeck/scratch/sslib_devel/mapped/trimmed/106503P-iadk-LV2002541205-P5s-srmQ-E-300bp-A2-control_S91_L003.settings
    jobid: 7
    reason: Missing output files: /maps/projects/lundbeck/scratch/sslib_devel/mapped/trimmed/106503P-iadk-LV2002541205-P5s-srmQ-E-300bp-A2-control_S91_L003.collapsed.gz
    wildcards: fq_fullname=106503P-iadk-LV2002541205-P5s-srmQ-E-300bp-A2-control_S91_L003
    threads: 6
    resources: tmpdir=/tmp

AdapterRemoval --threads 6 --file1 /maps/projects/lundbeck/scratch/sslib_devel/fastqs/106503P-iadk-LV2002541205-P5s-srmQ-E-300bp-A2-control_S91_L003_R1_001.fastq.gz --file2 /maps/projects/lundbeck/scratch/sslib_devel/fastqs/106503P-iadk-LV2002541205-P5s-srmQ-E-300bp-A2-control_S91_L003_R2_001.fastq.gz --minlength 30 --adapter1 AGATCGGAAGAGCACACGTCTGAACTCCAGTCAC --adapter2 GGAAGAGCGTCGTGTAGGGAAAGAGTGT --collapse-conservatively --basename /maps/projects/lundbeck/scratch/sslib_devel/mapped/trimmed/106503P-iadk-LV2002541205-P5s-srmQ-E-300bp-A2-control_S91_L003 --gzip 

[Tue Jan 30 11:50:36 2024]
localrule trim:
    input: /maps/projects/lundbeck/scratch/sslib_devel/fastqs/106503P-iadk-LV2002541205-P5s-srmQ-E-300bp-C7-cutsmart_S93_L003_R1_001.fastq.gz, /maps/projects/lundbeck/scratch/sslib_devel/fastqs/106503P-iadk-LV2002541205-P5s-srmQ-E-300bp-C7-cutsmart_S93_L003_R2_001.fastq.gz
    output: /maps/projects/lundbeck/scratch/sslib_devel/mapped/trimmed/106503P-iadk-LV2002541205-P5s-srmQ-E-300bp-C7-cutsmart_S93_L003.pair1.truncated.gz, /maps/projects/lundbeck/scratch/sslib_devel/mapped/trimmed/106503P-iadk-LV2002541205-P5s-srmQ-E-300bp-C7-cutsmart_S93_L003.pair2.truncated.gz, /maps/projects/lundbeck/scratch/sslib_devel/mapped/trimmed/106503P-iadk-LV2002541205-P5s-srmQ-E-300bp-C7-cutsmart_S93_L003.collapsed.gz, /maps/projects/lundbeck/scratch/sslib_devel/mapped/trimmed/106503P-iadk-LV2002541205-P5s-srmQ-E-300bp-C7-cutsmart_S93_L003.settings
    jobid: 9
    reason: Missing output files: /maps/projects/lundbeck/scratch/sslib_devel/mapped/trimmed/106503P-iadk-LV2002541205-P5s-srmQ-E-300bp-C7-cutsmart_S93_L003.collapsed.gz
    wildcards: fq_fullname=106503P-iadk-LV2002541205-P5s-srmQ-E-300bp-C7-cutsmart_S93_L003
    threads: 6
    resources: tmpdir=/tmp

AdapterRemoval --threads 6 --file1 /maps/projects/lundbeck/scratch/sslib_devel/fastqs/106503P-iadk-LV2002541205-P5s-srmQ-E-300bp-C7-cutsmart_S93_L003_R1_001.fastq.gz --file2 /maps/projects/lundbeck/scratch/sslib_devel/fastqs/106503P-iadk-LV2002541205-P5s-srmQ-E-300bp-C7-cutsmart_S93_L003_R2_001.fastq.gz --minlength 30 --adapter1 AGATCGGAAGAGCACACGTCTGAACTCCAGTCAC --adapter2 GGAAGAGCGTCGTGTAGGGAAAGAGTGT --collapse-conservatively --basename /maps/projects/lundbeck/scratch/sslib_devel/mapped/trimmed/106503P-iadk-LV2002541205-P5s-srmQ-E-300bp-C7-cutsmart_S93_L003 --gzip 

[Tue Jan 30 11:50:36 2024]
localrule trim:
    input: /maps/projects/lundbeck/scratch/sslib_devel/fastqs/106503P-iadk-LV2002541205-P5s-srmQ-E-300bp-B4-control-rSAP_S92_L004_R1_001.fastq.gz, /maps/projects/lundbeck/scratch/sslib_devel/fastqs/106503P-iadk-LV2002541205-P5s-srmQ-E-300bp-B4-control-rSAP_S92_L004_R2_001.fastq.gz
    output: /maps/projects/lundbeck/scratch/sslib_devel/mapped/trimmed/106503P-iadk-LV2002541205-P5s-srmQ-E-300bp-B4-control-rSAP_S92_L004.pair1.truncated.gz, /maps/projects/lundbeck/scratch/sslib_devel/mapped/trimmed/106503P-iadk-LV2002541205-P5s-srmQ-E-300bp-B4-control-rSAP_S92_L004.pair2.truncated.gz, /maps/projects/lundbeck/scratch/sslib_devel/mapped/trimmed/106503P-iadk-LV2002541205-P5s-srmQ-E-300bp-B4-control-rSAP_S92_L004.collapsed.gz, /maps/projects/lundbeck/scratch/sslib_devel/mapped/trimmed/106503P-iadk-LV2002541205-P5s-srmQ-E-300bp-B4-control-rSAP_S92_L004.settings
    jobid: 2
    reason: Missing output files: /maps/projects/lundbeck/scratch/sslib_devel/mapped/trimmed/106503P-iadk-LV2002541205-P5s-srmQ-E-300bp-B4-control-rSAP_S92_L004.collapsed.gz
    wildcards: fq_fullname=106503P-iadk-LV2002541205-P5s-srmQ-E-300bp-B4-control-rSAP_S92_L004
    threads: 6
    resources: tmpdir=/tmp

AdapterRemoval --threads 6 --file1 /maps/projects/lundbeck/scratch/sslib_devel/fastqs/106503P-iadk-LV2002541205-P5s-srmQ-E-300bp-B4-control-rSAP_S92_L004_R1_001.fastq.gz --file2 /maps/projects/lundbeck/scratch/sslib_devel/fastqs/106503P-iadk-LV2002541205-P5s-srmQ-E-300bp-B4-control-rSAP_S92_L004_R2_001.fastq.gz --minlength 30 --adapter1 AGATCGGAAGAGCACACGTCTGAACTCCAGTCAC --adapter2 GGAAGAGCGTCGTGTAGGGAAAGAGTGT --collapse-conservatively --basename /maps/projects/lundbeck/scratch/sslib_devel/mapped/trimmed/106503P-iadk-LV2002541205-P5s-srmQ-E-300bp-B4-control-rSAP_S92_L004 --gzip 

[Tue Jan 30 11:50:36 2024]
localrule trim:
    input: /maps/projects/lundbeck/scratch/sslib_devel/fastqs/106503P-iadk-LV2002541205-P5s-srmQ-E-300bp-D10-cutsmart-rSAP_S94_L003_R1_001.fastq.gz, /maps/projects/lundbeck/scratch/sslib_devel/fastqs/106503P-iadk-LV2002541205-P5s-srmQ-E-300bp-D10-cutsmart-rSAP_S94_L003_R2_001.fastq.gz
    output: /maps/projects/lundbeck/scratch/sslib_devel/mapped/trimmed/106503P-iadk-LV2002541205-P5s-srmQ-E-300bp-D10-cutsmart-rSAP_S94_L003.pair1.truncated.gz, /maps/projects/lundbeck/scratch/sslib_devel/mapped/trimmed/106503P-iadk-LV2002541205-P5s-srmQ-E-300bp-D10-cutsmart-rSAP_S94_L003.pair2.truncated.gz, /maps/projects/lundbeck/scratch/sslib_devel/mapped/trimmed/106503P-iadk-LV2002541205-P5s-srmQ-E-300bp-D10-cutsmart-rSAP_S94_L003.collapsed.gz, /maps/projects/lundbeck/scratch/sslib_devel/mapped/trimmed/106503P-iadk-LV2002541205-P5s-srmQ-E-300bp-D10-cutsmart-rSAP_S94_L003.settings
    jobid: 11
    reason: Missing output files: /maps/projects/lundbeck/scratch/sslib_devel/mapped/trimmed/106503P-iadk-LV2002541205-P5s-srmQ-E-300bp-D10-cutsmart-rSAP_S94_L003.collapsed.gz
    wildcards: fq_fullname=106503P-iadk-LV2002541205-P5s-srmQ-E-300bp-D10-cutsmart-rSAP_S94_L003
    threads: 6
    resources: tmpdir=/tmp

AdapterRemoval --threads 6 --file1 /maps/projects/lundbeck/scratch/sslib_devel/fastqs/106503P-iadk-LV2002541205-P5s-srmQ-E-300bp-D10-cutsmart-rSAP_S94_L003_R1_001.fastq.gz --file2 /maps/projects/lundbeck/scratch/sslib_devel/fastqs/106503P-iadk-LV2002541205-P5s-srmQ-E-300bp-D10-cutsmart-rSAP_S94_L003_R2_001.fastq.gz --minlength 30 --adapter1 AGATCGGAAGAGCACACGTCTGAACTCCAGTCAC --adapter2 GGAAGAGCGTCGTGTAGGGAAAGAGTGT --collapse-conservatively --basename /maps/projects/lundbeck/scratch/sslib_devel/mapped/trimmed/106503P-iadk-LV2002541205-P5s-srmQ-E-300bp-D10-cutsmart-rSAP_S94_L003 --gzip 

[Tue Jan 30 11:50:37 2024]
localrule trim:
    input: /maps/projects/lundbeck/scratch/sslib_devel/fastqs/106503P-iadk-LV2002541205-P5s-srmQ-E-300bp-A2-control_S91_L002_R1_001.fastq.gz, /maps/projects/lundbeck/scratch/sslib_devel/fastqs/106503P-iadk-LV2002541205-P5s-srmQ-E-300bp-A2-control_S91_L002_R2_001.fastq.gz
    output: /maps/projects/lundbeck/scratch/sslib_devel/mapped/trimmed/106503P-iadk-LV2002541205-P5s-srmQ-E-300bp-A2-control_S91_L002.pair1.truncated.gz, /maps/projects/lundbeck/scratch/sslib_devel/mapped/trimmed/106503P-iadk-LV2002541205-P5s-srmQ-E-300bp-A2-control_S91_L002.pair2.truncated.gz, /maps/projects/lundbeck/scratch/sslib_devel/mapped/trimmed/106503P-iadk-LV2002541205-P5s-srmQ-E-300bp-A2-control_S91_L002.collapsed.gz, /maps/projects/lundbeck/scratch/sslib_devel/mapped/trimmed/106503P-iadk-LV2002541205-P5s-srmQ-E-300bp-A2-control_S91_L002.settings
    jobid: 6
    reason: Missing output files: /maps/projects/lundbeck/scratch/sslib_devel/mapped/trimmed/106503P-iadk-LV2002541205-P5s-srmQ-E-300bp-A2-control_S91_L002.collapsed.gz
    wildcards: fq_fullname=106503P-iadk-LV2002541205-P5s-srmQ-E-300bp-A2-control_S91_L002
    threads: 6
    resources: tmpdir=/tmp

AdapterRemoval --threads 6 --file1 /maps/projects/lundbeck/scratch/sslib_devel/fastqs/106503P-iadk-LV2002541205-P5s-srmQ-E-300bp-A2-control_S91_L002_R1_001.fastq.gz --file2 /maps/projects/lundbeck/scratch/sslib_devel/fastqs/106503P-iadk-LV2002541205-P5s-srmQ-E-300bp-A2-control_S91_L002_R2_001.fastq.gz --minlength 30 --adapter1 AGATCGGAAGAGCACACGTCTGAACTCCAGTCAC --adapter2 GGAAGAGCGTCGTGTAGGGAAAGAGTGT --collapse-conservatively --basename /maps/projects/lundbeck/scratch/sslib_devel/mapped/trimmed/106503P-iadk-LV2002541205-P5s-srmQ-E-300bp-A2-control_S91_L002 --gzip 

[Tue Jan 30 11:50:37 2024]
localrule trim:
    input: /maps/projects/lundbeck/scratch/sslib_devel/fastqs/106503P-iadk-LV2002541205-P5s-srmQ-E-300bp-A2-control_S91_L004_R1_001.fastq.gz, /maps/projects/lundbeck/scratch/sslib_devel/fastqs/106503P-iadk-LV2002541205-P5s-srmQ-E-300bp-A2-control_S91_L004_R2_001.fastq.gz
    output: /maps/projects/lundbeck/scratch/sslib_devel/mapped/trimmed/106503P-iadk-LV2002541205-P5s-srmQ-E-300bp-A2-control_S91_L004.pair1.truncated.gz, /maps/projects/lundbeck/scratch/sslib_devel/mapped/trimmed/106503P-iadk-LV2002541205-P5s-srmQ-E-300bp-A2-control_S91_L004.pair2.truncated.gz, /maps/projects/lundbeck/scratch/sslib_devel/mapped/trimmed/106503P-iadk-LV2002541205-P5s-srmQ-E-300bp-A2-control_S91_L004.collapsed.gz, /maps/projects/lundbeck/scratch/sslib_devel/mapped/trimmed/106503P-iadk-LV2002541205-P5s-srmQ-E-300bp-A2-control_S91_L004.settings
    jobid: 8
    reason: Missing output files: /maps/projects/lundbeck/scratch/sslib_devel/mapped/trimmed/106503P-iadk-LV2002541205-P5s-srmQ-E-300bp-A2-control_S91_L004.collapsed.gz
    wildcards: fq_fullname=106503P-iadk-LV2002541205-P5s-srmQ-E-300bp-A2-control_S91_L004
    threads: 6
    resources: tmpdir=/tmp

AdapterRemoval --threads 6 --file1 /maps/projects/lundbeck/scratch/sslib_devel/fastqs/106503P-iadk-LV2002541205-P5s-srmQ-E-300bp-A2-control_S91_L004_R1_001.fastq.gz --file2 /maps/projects/lundbeck/scratch/sslib_devel/fastqs/106503P-iadk-LV2002541205-P5s-srmQ-E-300bp-A2-control_S91_L004_R2_001.fastq.gz --minlength 30 --adapter1 AGATCGGAAGAGCACACGTCTGAACTCCAGTCAC --adapter2 GGAAGAGCGTCGTGTAGGGAAAGAGTGT --collapse-conservatively --basename /maps/projects/lundbeck/scratch/sslib_devel/mapped/trimmed/106503P-iadk-LV2002541205-P5s-srmQ-E-300bp-A2-control_S91_L004 --gzip 

[Tue Jan 30 11:50:38 2024]
localrule trim:
    input: /maps/projects/lundbeck/scratch/sslib_devel/fastqs/106503P-iadk-LV2002541205-P5s-srmQ-E-300bp-D10-cutsmart-rSAP_S94_L001_R1_001.fastq.gz, /maps/projects/lundbeck/scratch/sslib_devel/fastqs/106503P-iadk-LV2002541205-P5s-srmQ-E-300bp-D10-cutsmart-rSAP_S94_L001_R2_001.fastq.gz
    output: /maps/projects/lundbeck/scratch/sslib_devel/mapped/trimmed/106503P-iadk-LV2002541205-P5s-srmQ-E-300bp-D10-cutsmart-rSAP_S94_L001.pair1.truncated.gz, /maps/projects/lundbeck/scratch/sslib_devel/mapped/trimmed/106503P-iadk-LV2002541205-P5s-srmQ-E-300bp-D10-cutsmart-rSAP_S94_L001.pair2.truncated.gz, /maps/projects/lundbeck/scratch/sslib_devel/mapped/trimmed/106503P-iadk-LV2002541205-P5s-srmQ-E-300bp-D10-cutsmart-rSAP_S94_L001.collapsed.gz, /maps/projects/lundbeck/scratch/sslib_devel/mapped/trimmed/106503P-iadk-LV2002541205-P5s-srmQ-E-300bp-D10-cutsmart-rSAP_S94_L001.settings
    jobid: 10
    reason: Missing output files: /maps/projects/lundbeck/scratch/sslib_devel/mapped/trimmed/106503P-iadk-LV2002541205-P5s-srmQ-E-300bp-D10-cutsmart-rSAP_S94_L001.collapsed.gz
    wildcards: fq_fullname=106503P-iadk-LV2002541205-P5s-srmQ-E-300bp-D10-cutsmart-rSAP_S94_L001
    threads: 6
    resources: tmpdir=/tmp

AdapterRemoval --threads 6 --file1 /maps/projects/lundbeck/scratch/sslib_devel/fastqs/106503P-iadk-LV2002541205-P5s-srmQ-E-300bp-D10-cutsmart-rSAP_S94_L001_R1_001.fastq.gz --file2 /maps/projects/lundbeck/scratch/sslib_devel/fastqs/106503P-iadk-LV2002541205-P5s-srmQ-E-300bp-D10-cutsmart-rSAP_S94_L001_R2_001.fastq.gz --minlength 30 --adapter1 AGATCGGAAGAGCACACGTCTGAACTCCAGTCAC --adapter2 GGAAGAGCGTCGTGTAGGGAAAGAGTGT --collapse-conservatively --basename /maps/projects/lundbeck/scratch/sslib_devel/mapped/trimmed/106503P-iadk-LV2002541205-P5s-srmQ-E-300bp-D10-cutsmart-rSAP_S94_L001 --gzip 

[Tue Jan 30 11:50:38 2024]
localrule trim:
    input: /maps/projects/lundbeck/scratch/sslib_devel/fastqs/106503P-iadk-LV2002541205-P5s-srmQ-E-300bp-B4-control-rSAP_S92_L002_R1_001.fastq.gz, /maps/projects/lundbeck/scratch/sslib_devel/fastqs/106503P-iadk-LV2002541205-P5s-srmQ-E-300bp-B4-control-rSAP_S92_L002_R2_001.fastq.gz
    output: /maps/projects/lundbeck/scratch/sslib_devel/mapped/trimmed/106503P-iadk-LV2002541205-P5s-srmQ-E-300bp-B4-control-rSAP_S92_L002.pair1.truncated.gz, /maps/projects/lundbeck/scratch/sslib_devel/mapped/trimmed/106503P-iadk-LV2002541205-P5s-srmQ-E-300bp-B4-control-rSAP_S92_L002.pair2.truncated.gz, /maps/projects/lundbeck/scratch/sslib_devel/mapped/trimmed/106503P-iadk-LV2002541205-P5s-srmQ-E-300bp-B4-control-rSAP_S92_L002.collapsed.gz, /maps/projects/lundbeck/scratch/sslib_devel/mapped/trimmed/106503P-iadk-LV2002541205-P5s-srmQ-E-300bp-B4-control-rSAP_S92_L002.settings
    jobid: 12
    reason: Missing output files: /maps/projects/lundbeck/scratch/sslib_devel/mapped/trimmed/106503P-iadk-LV2002541205-P5s-srmQ-E-300bp-B4-control-rSAP_S92_L002.collapsed.gz
    wildcards: fq_fullname=106503P-iadk-LV2002541205-P5s-srmQ-E-300bp-B4-control-rSAP_S92_L002
    threads: 6
    resources: tmpdir=/tmp

AdapterRemoval --threads 6 --file1 /maps/projects/lundbeck/scratch/sslib_devel/fastqs/106503P-iadk-LV2002541205-P5s-srmQ-E-300bp-B4-control-rSAP_S92_L002_R1_001.fastq.gz --file2 /maps/projects/lundbeck/scratch/sslib_devel/fastqs/106503P-iadk-LV2002541205-P5s-srmQ-E-300bp-B4-control-rSAP_S92_L002_R2_001.fastq.gz --minlength 30 --adapter1 AGATCGGAAGAGCACACGTCTGAACTCCAGTCAC --adapter2 GGAAGAGCGTCGTGTAGGGAAAGAGTGT --collapse-conservatively --basename /maps/projects/lundbeck/scratch/sslib_devel/mapped/trimmed/106503P-iadk-LV2002541205-P5s-srmQ-E-300bp-B4-control-rSAP_S92_L002 --gzip 

[Tue Jan 30 11:50:38 2024]
localrule trim:
    input: /maps/projects/lundbeck/scratch/sslib_devel/fastqs/106503P-iadk-LV2002541205-P5s-srmQ-E-300bp-A2-control_S91_L001_R1_001.fastq.gz, /maps/projects/lundbeck/scratch/sslib_devel/fastqs/106503P-iadk-LV2002541205-P5s-srmQ-E-300bp-A2-control_S91_L001_R2_001.fastq.gz
    output: /maps/projects/lundbeck/scratch/sslib_devel/mapped/trimmed/106503P-iadk-LV2002541205-P5s-srmQ-E-300bp-A2-control_S91_L001.pair1.truncated.gz, /maps/projects/lundbeck/scratch/sslib_devel/mapped/trimmed/106503P-iadk-LV2002541205-P5s-srmQ-E-300bp-A2-control_S91_L001.pair2.truncated.gz, /maps/projects/lundbeck/scratch/sslib_devel/mapped/trimmed/106503P-iadk-LV2002541205-P5s-srmQ-E-300bp-A2-control_S91_L001.collapsed.gz, /maps/projects/lundbeck/scratch/sslib_devel/mapped/trimmed/106503P-iadk-LV2002541205-P5s-srmQ-E-300bp-A2-control_S91_L001.settings
    jobid: 14
    reason: Missing output files: /maps/projects/lundbeck/scratch/sslib_devel/mapped/trimmed/106503P-iadk-LV2002541205-P5s-srmQ-E-300bp-A2-control_S91_L001.collapsed.gz
    wildcards: fq_fullname=106503P-iadk-LV2002541205-P5s-srmQ-E-300bp-A2-control_S91_L001
    threads: 6
    resources: tmpdir=/tmp

AdapterRemoval --threads 6 --file1 /maps/projects/lundbeck/scratch/sslib_devel/fastqs/106503P-iadk-LV2002541205-P5s-srmQ-E-300bp-A2-control_S91_L001_R1_001.fastq.gz --file2 /maps/projects/lundbeck/scratch/sslib_devel/fastqs/106503P-iadk-LV2002541205-P5s-srmQ-E-300bp-A2-control_S91_L001_R2_001.fastq.gz --minlength 30 --adapter1 AGATCGGAAGAGCACACGTCTGAACTCCAGTCAC --adapter2 GGAAGAGCGTCGTGTAGGGAAAGAGTGT --collapse-conservatively --basename /maps/projects/lundbeck/scratch/sslib_devel/mapped/trimmed/106503P-iadk-LV2002541205-P5s-srmQ-E-300bp-A2-control_S91_L001 --gzip 

[Tue Jan 30 11:50:39 2024]
localrule trim:
    input: /maps/projects/lundbeck/scratch/sslib_devel/fastqs/106503P-iadk-LV2002541205-P5s-srmQ-E-300bp-C7-cutsmart_S93_L004_R1_001.fastq.gz, /maps/projects/lundbeck/scratch/sslib_devel/fastqs/106503P-iadk-LV2002541205-P5s-srmQ-E-300bp-C7-cutsmart_S93_L004_R2_001.fastq.gz
    output: /maps/projects/lundbeck/scratch/sslib_devel/mapped/trimmed/106503P-iadk-LV2002541205-P5s-srmQ-E-300bp-C7-cutsmart_S93_L004.pair1.truncated.gz, /maps/projects/lundbeck/scratch/sslib_devel/mapped/trimmed/106503P-iadk-LV2002541205-P5s-srmQ-E-300bp-C7-cutsmart_S93_L004.pair2.truncated.gz, /maps/projects/lundbeck/scratch/sslib_devel/mapped/trimmed/106503P-iadk-LV2002541205-P5s-srmQ-E-300bp-C7-cutsmart_S93_L004.collapsed.gz, /maps/projects/lundbeck/scratch/sslib_devel/mapped/trimmed/106503P-iadk-LV2002541205-P5s-srmQ-E-300bp-C7-cutsmart_S93_L004.settings
    jobid: 16
    reason: Missing output files: /maps/projects/lundbeck/scratch/sslib_devel/mapped/trimmed/106503P-iadk-LV2002541205-P5s-srmQ-E-300bp-C7-cutsmart_S93_L004.collapsed.gz
    wildcards: fq_fullname=106503P-iadk-LV2002541205-P5s-srmQ-E-300bp-C7-cutsmart_S93_L004
    threads: 6
    resources: tmpdir=/tmp

AdapterRemoval --threads 6 --file1 /maps/projects/lundbeck/scratch/sslib_devel/fastqs/106503P-iadk-LV2002541205-P5s-srmQ-E-300bp-C7-cutsmart_S93_L004_R1_001.fastq.gz --file2 /maps/projects/lundbeck/scratch/sslib_devel/fastqs/106503P-iadk-LV2002541205-P5s-srmQ-E-300bp-C7-cutsmart_S93_L004_R2_001.fastq.gz --minlength 30 --adapter1 AGATCGGAAGAGCACACGTCTGAACTCCAGTCAC --adapter2 GGAAGAGCGTCGTGTAGGGAAAGAGTGT --collapse-conservatively --basename /maps/projects/lundbeck/scratch/sslib_devel/mapped/trimmed/106503P-iadk-LV2002541205-P5s-srmQ-E-300bp-C7-cutsmart_S93_L004 --gzip 
[Tue Jan 30 11:52:35 2024]
Finished job 7.
1 of 17 steps (6%) done
Select jobs to execute...
Execute 1 jobs...

[Tue Jan 30 11:52:36 2024]
localrule trim:
    input: /maps/projects/lundbeck/scratch/sslib_devel/fastqs/106503P-iadk-LV2002541205-P5s-srmQ-E-300bp-B4-control-rSAP_S92_L001_R1_001.fastq.gz, /maps/projects/lundbeck/scratch/sslib_devel/fastqs/106503P-iadk-LV2002541205-P5s-srmQ-E-300bp-B4-control-rSAP_S92_L001_R2_001.fastq.gz
    output: /maps/projects/lundbeck/scratch/sslib_devel/mapped/trimmed/106503P-iadk-LV2002541205-P5s-srmQ-E-300bp-B4-control-rSAP_S92_L001.pair1.truncated.gz, /maps/projects/lundbeck/scratch/sslib_devel/mapped/trimmed/106503P-iadk-LV2002541205-P5s-srmQ-E-300bp-B4-control-rSAP_S92_L001.pair2.truncated.gz, /maps/projects/lundbeck/scratch/sslib_devel/mapped/trimmed/106503P-iadk-LV2002541205-P5s-srmQ-E-300bp-B4-control-rSAP_S92_L001.collapsed.gz, /maps/projects/lundbeck/scratch/sslib_devel/mapped/trimmed/106503P-iadk-LV2002541205-P5s-srmQ-E-300bp-B4-control-rSAP_S92_L001.settings
    jobid: 15
    reason: Missing output files: /maps/projects/lundbeck/scratch/sslib_devel/mapped/trimmed/106503P-iadk-LV2002541205-P5s-srmQ-E-300bp-B4-control-rSAP_S92_L001.collapsed.gz
    wildcards: fq_fullname=106503P-iadk-LV2002541205-P5s-srmQ-E-300bp-B4-control-rSAP_S92_L001
    threads: 6
    resources: tmpdir=/tmp

AdapterRemoval --threads 6 --file1 /maps/projects/lundbeck/scratch/sslib_devel/fastqs/106503P-iadk-LV2002541205-P5s-srmQ-E-300bp-B4-control-rSAP_S92_L001_R1_001.fastq.gz --file2 /maps/projects/lundbeck/scratch/sslib_devel/fastqs/106503P-iadk-LV2002541205-P5s-srmQ-E-300bp-B4-control-rSAP_S92_L001_R2_001.fastq.gz --minlength 30 --adapter1 AGATCGGAAGAGCACACGTCTGAACTCCAGTCAC --adapter2 GGAAGAGCGTCGTGTAGGGAAAGAGTGT --collapse-conservatively --basename /maps/projects/lundbeck/scratch/sslib_devel/mapped/trimmed/106503P-iadk-LV2002541205-P5s-srmQ-E-300bp-B4-control-rSAP_S92_L001 --gzip 
[Tue Jan 30 11:52:37 2024]
Finished job 6.
2 of 17 steps (12%) done
Select jobs to execute...
Execute 1 jobs...

[Tue Jan 30 11:52:37 2024]
localrule trim:
    input: /maps/projects/lundbeck/scratch/sslib_devel/fastqs/106503P-iadk-LV2002541205-P5s-srmQ-E-300bp-D10-cutsmart-rSAP_S94_L004_R1_001.fastq.gz, /maps/projects/lundbeck/scratch/sslib_devel/fastqs/106503P-iadk-LV2002541205-P5s-srmQ-E-300bp-D10-cutsmart-rSAP_S94_L004_R2_001.fastq.gz
    output: /maps/projects/lundbeck/scratch/sslib_devel/mapped/trimmed/106503P-iadk-LV2002541205-P5s-srmQ-E-300bp-D10-cutsmart-rSAP_S94_L004.pair1.truncated.gz, /maps/projects/lundbeck/scratch/sslib_devel/mapped/trimmed/106503P-iadk-LV2002541205-P5s-srmQ-E-300bp-D10-cutsmart-rSAP_S94_L004.pair2.truncated.gz, /maps/projects/lundbeck/scratch/sslib_devel/mapped/trimmed/106503P-iadk-LV2002541205-P5s-srmQ-E-300bp-D10-cutsmart-rSAP_S94_L004.collapsed.gz, /maps/projects/lundbeck/scratch/sslib_devel/mapped/trimmed/106503P-iadk-LV2002541205-P5s-srmQ-E-300bp-D10-cutsmart-rSAP_S94_L004.settings
    jobid: 1
    reason: Missing output files: /maps/projects/lundbeck/scratch/sslib_devel/mapped/trimmed/106503P-iadk-LV2002541205-P5s-srmQ-E-300bp-D10-cutsmart-rSAP_S94_L004.collapsed.gz
    wildcards: fq_fullname=106503P-iadk-LV2002541205-P5s-srmQ-E-300bp-D10-cutsmart-rSAP_S94_L004
    threads: 6
    resources: tmpdir=/tmp

AdapterRemoval --threads 6 --file1 /maps/projects/lundbeck/scratch/sslib_devel/fastqs/106503P-iadk-LV2002541205-P5s-srmQ-E-300bp-D10-cutsmart-rSAP_S94_L004_R1_001.fastq.gz --file2 /maps/projects/lundbeck/scratch/sslib_devel/fastqs/106503P-iadk-LV2002541205-P5s-srmQ-E-300bp-D10-cutsmart-rSAP_S94_L004_R2_001.fastq.gz --minlength 30 --adapter1 AGATCGGAAGAGCACACGTCTGAACTCCAGTCAC --adapter2 GGAAGAGCGTCGTGTAGGGAAAGAGTGT --collapse-conservatively --basename /maps/projects/lundbeck/scratch/sslib_devel/mapped/trimmed/106503P-iadk-LV2002541205-P5s-srmQ-E-300bp-D10-cutsmart-rSAP_S94_L004 --gzip 
[Tue Jan 30 11:52:38 2024]
Finished job 8.
3 of 17 steps (18%) done
Select jobs to execute...
Execute 1 jobs...

[Tue Jan 30 11:52:38 2024]
localrule trim:
    input: /maps/projects/lundbeck/scratch/sslib_devel/fastqs/106503P-iadk-LV2002541205-P5s-srmQ-E-300bp-B4-control-rSAP_S92_L003_R1_001.fastq.gz, /maps/projects/lundbeck/scratch/sslib_devel/fastqs/106503P-iadk-LV2002541205-P5s-srmQ-E-300bp-B4-control-rSAP_S92_L003_R2_001.fastq.gz
    output: /maps/projects/lundbeck/scratch/sslib_devel/mapped/trimmed/106503P-iadk-LV2002541205-P5s-srmQ-E-300bp-B4-control-rSAP_S92_L003.pair1.truncated.gz, /maps/projects/lundbeck/scratch/sslib_devel/mapped/trimmed/106503P-iadk-LV2002541205-P5s-srmQ-E-300bp-B4-control-rSAP_S92_L003.pair2.truncated.gz, /maps/projects/lundbeck/scratch/sslib_devel/mapped/trimmed/106503P-iadk-LV2002541205-P5s-srmQ-E-300bp-B4-control-rSAP_S92_L003.collapsed.gz, /maps/projects/lundbeck/scratch/sslib_devel/mapped/trimmed/106503P-iadk-LV2002541205-P5s-srmQ-E-300bp-B4-control-rSAP_S92_L003.settings
    jobid: 4
    reason: Missing output files: /maps/projects/lundbeck/scratch/sslib_devel/mapped/trimmed/106503P-iadk-LV2002541205-P5s-srmQ-E-300bp-B4-control-rSAP_S92_L003.collapsed.gz
    wildcards: fq_fullname=106503P-iadk-LV2002541205-P5s-srmQ-E-300bp-B4-control-rSAP_S92_L003
    threads: 6
    resources: tmpdir=/tmp

AdapterRemoval --threads 6 --file1 /maps/projects/lundbeck/scratch/sslib_devel/fastqs/106503P-iadk-LV2002541205-P5s-srmQ-E-300bp-B4-control-rSAP_S92_L003_R1_001.fastq.gz --file2 /maps/projects/lundbeck/scratch/sslib_devel/fastqs/106503P-iadk-LV2002541205-P5s-srmQ-E-300bp-B4-control-rSAP_S92_L003_R2_001.fastq.gz --minlength 30 --adapter1 AGATCGGAAGAGCACACGTCTGAACTCCAGTCAC --adapter2 GGAAGAGCGTCGTGTAGGGAAAGAGTGT --collapse-conservatively --basename /maps/projects/lundbeck/scratch/sslib_devel/mapped/trimmed/106503P-iadk-LV2002541205-P5s-srmQ-E-300bp-B4-control-rSAP_S92_L003 --gzip 
[Tue Jan 30 11:52:42 2024]
Finished job 14.
4 of 17 steps (24%) done
Select jobs to execute...
Execute 1 jobs...

[Tue Jan 30 11:52:42 2024]
localrule trim:
    input: /maps/projects/lundbeck/scratch/sslib_devel/fastqs/106503P-iadk-LV2002541205-P5s-srmQ-E-300bp-C7-cutsmart_S93_L002_R1_001.fastq.gz, /maps/projects/lundbeck/scratch/sslib_devel/fastqs/106503P-iadk-LV2002541205-P5s-srmQ-E-300bp-C7-cutsmart_S93_L002_R2_001.fastq.gz
    output: /maps/projects/lundbeck/scratch/sslib_devel/mapped/trimmed/106503P-iadk-LV2002541205-P5s-srmQ-E-300bp-C7-cutsmart_S93_L002.pair1.truncated.gz, /maps/projects/lundbeck/scratch/sslib_devel/mapped/trimmed/106503P-iadk-LV2002541205-P5s-srmQ-E-300bp-C7-cutsmart_S93_L002.pair2.truncated.gz, /maps/projects/lundbeck/scratch/sslib_devel/mapped/trimmed/106503P-iadk-LV2002541205-P5s-srmQ-E-300bp-C7-cutsmart_S93_L002.collapsed.gz, /maps/projects/lundbeck/scratch/sslib_devel/mapped/trimmed/106503P-iadk-LV2002541205-P5s-srmQ-E-300bp-C7-cutsmart_S93_L002.settings
    jobid: 13
    reason: Missing output files: /maps/projects/lundbeck/scratch/sslib_devel/mapped/trimmed/106503P-iadk-LV2002541205-P5s-srmQ-E-300bp-C7-cutsmart_S93_L002.collapsed.gz
    wildcards: fq_fullname=106503P-iadk-LV2002541205-P5s-srmQ-E-300bp-C7-cutsmart_S93_L002
    threads: 6
    resources: tmpdir=/tmp

AdapterRemoval --threads 6 --file1 /maps/projects/lundbeck/scratch/sslib_devel/fastqs/106503P-iadk-LV2002541205-P5s-srmQ-E-300bp-C7-cutsmart_S93_L002_R1_001.fastq.gz --file2 /maps/projects/lundbeck/scratch/sslib_devel/fastqs/106503P-iadk-LV2002541205-P5s-srmQ-E-300bp-C7-cutsmart_S93_L002_R2_001.fastq.gz --minlength 30 --adapter1 AGATCGGAAGAGCACACGTCTGAACTCCAGTCAC --adapter2 GGAAGAGCGTCGTGTAGGGAAAGAGTGT --collapse-conservatively --basename /maps/projects/lundbeck/scratch/sslib_devel/mapped/trimmed/106503P-iadk-LV2002541205-P5s-srmQ-E-300bp-C7-cutsmart_S93_L002 --gzip 
[Tue Jan 30 11:52:43 2024]
Finished job 2.
5 of 17 steps (29%) done
[Tue Jan 30 11:52:45 2024]
Finished job 5.
6 of 17 steps (35%) done
[Tue Jan 30 11:52:46 2024]
Finished job 11.
7 of 17 steps (41%) done
[Tue Jan 30 11:52:48 2024]
Finished job 12.
8 of 17 steps (47%) done
[Tue Jan 30 11:52:58 2024]
Finished job 10.
9 of 17 steps (53%) done
[Tue Jan 30 11:53:14 2024]
Finished job 3.
10 of 17 steps (59%) done
[Tue Jan 30 11:53:15 2024]
Finished job 9.
11 of 17 steps (65%) done
[Tue Jan 30 11:53:20 2024]
Finished job 16.
12 of 17 steps (71%) done
[Tue Jan 30 11:54:34 2024]
Finished job 15.
13 of 17 steps (76%) done
[Tue Jan 30 11:54:36 2024]
Finished job 1.
14 of 17 steps (82%) done
[Tue Jan 30 11:54:41 2024]
Finished job 4.
15 of 17 steps (88%) done
[Tue Jan 30 11:55:05 2024]
Finished job 13.
16 of 17 steps (94%) done
Select jobs to execute...
Execute 1 jobs...

[Tue Jan 30 11:55:05 2024]
localrule all:
    input: /maps/projects/lundbeck/scratch/sslib_devel/mapped/trimmed/106503P-iadk-LV2002541205-P5s-srmQ-E-300bp-D10-cutsmart-rSAP_S94_L004.collapsed.gz, /maps/projects/lundbeck/scratch/sslib_devel/mapped/trimmed/106503P-iadk-LV2002541205-P5s-srmQ-E-300bp-B4-control-rSAP_S92_L004.collapsed.gz, /maps/projects/lundbeck/scratch/sslib_devel/mapped/trimmed/106503P-iadk-LV2002541205-P5s-srmQ-E-300bp-C7-cutsmart_S93_L001.collapsed.gz, /maps/projects/lundbeck/scratch/sslib_devel/mapped/trimmed/106503P-iadk-LV2002541205-P5s-srmQ-E-300bp-B4-control-rSAP_S92_L003.collapsed.gz, /maps/projects/lundbeck/scratch/sslib_devel/mapped/trimmed/106503P-iadk-LV2002541205-P5s-srmQ-E-300bp-D10-cutsmart-rSAP_S94_L002.collapsed.gz, /maps/projects/lundbeck/scratch/sslib_devel/mapped/trimmed/106503P-iadk-LV2002541205-P5s-srmQ-E-300bp-A2-control_S91_L002.collapsed.gz, /maps/projects/lundbeck/scratch/sslib_devel/mapped/trimmed/106503P-iadk-LV2002541205-P5s-srmQ-E-300bp-A2-control_S91_L003.collapsed.gz, /maps/projects/lundbeck/scratch/sslib_devel/mapped/trimmed/106503P-iadk-LV2002541205-P5s-srmQ-E-300bp-A2-control_S91_L004.collapsed.gz, /maps/projects/lundbeck/scratch/sslib_devel/mapped/trimmed/106503P-iadk-LV2002541205-P5s-srmQ-E-300bp-C7-cutsmart_S93_L003.collapsed.gz, /maps/projects/lundbeck/scratch/sslib_devel/mapped/trimmed/106503P-iadk-LV2002541205-P5s-srmQ-E-300bp-D10-cutsmart-rSAP_S94_L001.collapsed.gz, /maps/projects/lundbeck/scratch/sslib_devel/mapped/trimmed/106503P-iadk-LV2002541205-P5s-srmQ-E-300bp-D10-cutsmart-rSAP_S94_L003.collapsed.gz, /maps/projects/lundbeck/scratch/sslib_devel/mapped/trimmed/106503P-iadk-LV2002541205-P5s-srmQ-E-300bp-B4-control-rSAP_S92_L002.collapsed.gz, /maps/projects/lundbeck/scratch/sslib_devel/mapped/trimmed/106503P-iadk-LV2002541205-P5s-srmQ-E-300bp-C7-cutsmart_S93_L002.collapsed.gz, /maps/projects/lundbeck/scratch/sslib_devel/mapped/trimmed/106503P-iadk-LV2002541205-P5s-srmQ-E-300bp-A2-control_S91_L001.collapsed.gz, /maps/projects/lundbeck/scratch/sslib_devel/mapped/trimmed/106503P-iadk-LV2002541205-P5s-srmQ-E-300bp-B4-control-rSAP_S92_L001.collapsed.gz, /maps/projects/lundbeck/scratch/sslib_devel/mapped/trimmed/106503P-iadk-LV2002541205-P5s-srmQ-E-300bp-C7-cutsmart_S93_L004.collapsed.gz
    jobid: 0
    reason: Input files updated by another job: /maps/projects/lundbeck/scratch/sslib_devel/mapped/trimmed/106503P-iadk-LV2002541205-P5s-srmQ-E-300bp-D10-cutsmart-rSAP_S94_L002.collapsed.gz, /maps/projects/lundbeck/scratch/sslib_devel/mapped/trimmed/106503P-iadk-LV2002541205-P5s-srmQ-E-300bp-C7-cutsmart_S93_L004.collapsed.gz, /maps/projects/lundbeck/scratch/sslib_devel/mapped/trimmed/106503P-iadk-LV2002541205-P5s-srmQ-E-300bp-B4-control-rSAP_S92_L002.collapsed.gz, /maps/projects/lundbeck/scratch/sslib_devel/mapped/trimmed/106503P-iadk-LV2002541205-P5s-srmQ-E-300bp-A2-control_S91_L002.collapsed.gz, /maps/projects/lundbeck/scratch/sslib_devel/mapped/trimmed/106503P-iadk-LV2002541205-P5s-srmQ-E-300bp-B4-control-rSAP_S92_L003.collapsed.gz, /maps/projects/lundbeck/scratch/sslib_devel/mapped/trimmed/106503P-iadk-LV2002541205-P5s-srmQ-E-300bp-A2-control_S91_L001.collapsed.gz, /maps/projects/lundbeck/scratch/sslib_devel/mapped/trimmed/106503P-iadk-LV2002541205-P5s-srmQ-E-300bp-B4-control-rSAP_S92_L001.collapsed.gz, /maps/projects/lundbeck/scratch/sslib_devel/mapped/trimmed/106503P-iadk-LV2002541205-P5s-srmQ-E-300bp-C7-cutsmart_S93_L001.collapsed.gz, /maps/projects/lundbeck/scratch/sslib_devel/mapped/trimmed/106503P-iadk-LV2002541205-P5s-srmQ-E-300bp-A2-control_S91_L004.collapsed.gz, /maps/projects/lundbeck/scratch/sslib_devel/mapped/trimmed/106503P-iadk-LV2002541205-P5s-srmQ-E-300bp-C7-cutsmart_S93_L002.collapsed.gz, /maps/projects/lundbeck/scratch/sslib_devel/mapped/trimmed/106503P-iadk-LV2002541205-P5s-srmQ-E-300bp-B4-control-rSAP_S92_L004.collapsed.gz, /maps/projects/lundbeck/scratch/sslib_devel/mapped/trimmed/106503P-iadk-LV2002541205-P5s-srmQ-E-300bp-C7-cutsmart_S93_L003.collapsed.gz, /maps/projects/lundbeck/scratch/sslib_devel/mapped/trimmed/106503P-iadk-LV2002541205-P5s-srmQ-E-300bp-A2-control_S91_L003.collapsed.gz, /maps/projects/lundbeck/scratch/sslib_devel/mapped/trimmed/106503P-iadk-LV2002541205-P5s-srmQ-E-300bp-D10-cutsmart-rSAP_S94_L004.collapsed.gz, /maps/projects/lundbeck/scratch/sslib_devel/mapped/trimmed/106503P-iadk-LV2002541205-P5s-srmQ-E-300bp-D10-cutsmart-rSAP_S94_L001.collapsed.gz, /maps/projects/lundbeck/scratch/sslib_devel/mapped/trimmed/106503P-iadk-LV2002541205-P5s-srmQ-E-300bp-D10-cutsmart-rSAP_S94_L003.collapsed.gz
    resources: tmpdir=/tmp

[Tue Jan 30 11:55:05 2024]
Finished job 0.
17 of 17 steps (100%) done
Complete log: .snakemake/log/2024-01-30T115034.776959.snakemake.log
