Building DAG of jobs...
Using shell: /usr/bin/bash
Provided cores: 12
Rules claiming more threads will be scaled down.
Job stats:
job        count
-------  -------
all            1
aln           48
mapped        32
md             4
merge          4
sam2bam       32
sampe         16
samse         16
total        153

Select jobs to execute...
Execute 12 jobs...

[Tue Jan 30 13:04:50 2024]
localrule aln:
    input: /maps/projects/lundbeck/scratch/sslib_devel/mapped/trimmed/106503P-iadk-LV2002541205-P5s-srmQ-E-300bp-C7-cutsmart_S93_L001.pair2.truncated.gz
    output: /maps/projects/lundbeck/scratch/sslib_devel/mapped/tmp/106503P-iadk-LV2002541205-P5s-srmQ-E-300bp-C7-cutsmart_S93_L001.pair2.truncated.gz.sai
    jobid: 98
    reason: Missing output files: /maps/projects/lundbeck/scratch/sslib_devel/mapped/tmp/106503P-iadk-LV2002541205-P5s-srmQ-E-300bp-C7-cutsmart_S93_L001.pair2.truncated.gz.sai
    wildcards: lib_lane=106503P-iadk-LV2002541205-P5s-srmQ-E-300bp-C7-cutsmart_S93_L001, trim=pair2.truncated.gz
    threads: 12
    resources: tmpdir=/tmp

bwa aln -l 32 -t 12 /maps/projects/lundbeck/data/hg38/genome.fa /maps/projects/lundbeck/scratch/sslib_devel/mapped/trimmed/106503P-iadk-LV2002541205-P5s-srmQ-E-300bp-C7-cutsmart_S93_L001.pair2.truncated.gz > /maps/projects/lundbeck/scratch/sslib_devel/mapped/tmp/106503P-iadk-LV2002541205-P5s-srmQ-E-300bp-C7-cutsmart_S93_L001.pair2.truncated.gz.sai

[Tue Jan 30 13:04:50 2024]
localrule aln:
    input: /maps/projects/lundbeck/scratch/sslib_devel/mapped/trimmed/106503P-iadk-LV2002541205-P5s-srmQ-E-300bp-C7-cutsmart_S93_L003.pair2.truncated.gz
    output: /maps/projects/lundbeck/scratch/sslib_devel/mapped/tmp/106503P-iadk-LV2002541205-P5s-srmQ-E-300bp-C7-cutsmart_S93_L003.pair2.truncated.gz.sai
    jobid: 104
    reason: Missing output files: /maps/projects/lundbeck/scratch/sslib_devel/mapped/tmp/106503P-iadk-LV2002541205-P5s-srmQ-E-300bp-C7-cutsmart_S93_L003.pair2.truncated.gz.sai
    wildcards: lib_lane=106503P-iadk-LV2002541205-P5s-srmQ-E-300bp-C7-cutsmart_S93_L003, trim=pair2.truncated.gz
    threads: 12
    resources: tmpdir=/tmp

bwa aln -l 32 -t 12 /maps/projects/lundbeck/data/hg38/genome.fa /maps/projects/lundbeck/scratch/sslib_devel/mapped/trimmed/106503P-iadk-LV2002541205-P5s-srmQ-E-300bp-C7-cutsmart_S93_L003.pair2.truncated.gz > /maps/projects/lundbeck/scratch/sslib_devel/mapped/tmp/106503P-iadk-LV2002541205-P5s-srmQ-E-300bp-C7-cutsmart_S93_L003.pair2.truncated.gz.sai

[Tue Jan 30 13:04:50 2024]
localrule aln:
    input: /maps/projects/lundbeck/scratch/sslib_devel/mapped/trimmed/106503P-iadk-LV2002541205-P5s-srmQ-E-300bp-A2-control_S91_L001.pair1.truncated.gz
    output: /maps/projects/lundbeck/scratch/sslib_devel/mapped/tmp/106503P-iadk-LV2002541205-P5s-srmQ-E-300bp-A2-control_S91_L001.pair1.truncated.gz.sai
    jobid: 49
    reason: Missing output files: /maps/projects/lundbeck/scratch/sslib_devel/mapped/tmp/106503P-iadk-LV2002541205-P5s-srmQ-E-300bp-A2-control_S91_L001.pair1.truncated.gz.sai
    wildcards: lib_lane=106503P-iadk-LV2002541205-P5s-srmQ-E-300bp-A2-control_S91_L001, trim=pair1.truncated.gz
    threads: 12
    resources: tmpdir=/tmp

bwa aln -l 32 -t 12 /maps/projects/lundbeck/data/hg38/genome.fa /maps/projects/lundbeck/scratch/sslib_devel/mapped/trimmed/106503P-iadk-LV2002541205-P5s-srmQ-E-300bp-A2-control_S91_L001.pair1.truncated.gz > /maps/projects/lundbeck/scratch/sslib_devel/mapped/tmp/106503P-iadk-LV2002541205-P5s-srmQ-E-300bp-A2-control_S91_L001.pair1.truncated.gz.sai

[Tue Jan 30 13:04:50 2024]
localrule aln:
    input: /maps/projects/lundbeck/scratch/sslib_devel/mapped/trimmed/106503P-iadk-LV2002541205-P5s-srmQ-E-300bp-B4-control-rSAP_S92_L003.pair2.truncated.gz
    output: /maps/projects/lundbeck/scratch/sslib_devel/mapped/tmp/106503P-iadk-LV2002541205-P5s-srmQ-E-300bp-B4-control-rSAP_S92_L003.pair2.truncated.gz.sai
    jobid: 26
    reason: Missing output files: /maps/projects/lundbeck/scratch/sslib_devel/mapped/tmp/106503P-iadk-LV2002541205-P5s-srmQ-E-300bp-B4-control-rSAP_S92_L003.pair2.truncated.gz.sai
    wildcards: lib_lane=106503P-iadk-LV2002541205-P5s-srmQ-E-300bp-B4-control-rSAP_S92_L003, trim=pair2.truncated.gz
    threads: 12
    resources: tmpdir=/tmp

bwa aln -l 32 -t 12 /maps/projects/lundbeck/data/hg38/genome.fa /maps/projects/lundbeck/scratch/sslib_devel/mapped/trimmed/106503P-iadk-LV2002541205-P5s-srmQ-E-300bp-B4-control-rSAP_S92_L003.pair2.truncated.gz > /maps/projects/lundbeck/scratch/sslib_devel/mapped/tmp/106503P-iadk-LV2002541205-P5s-srmQ-E-300bp-B4-control-rSAP_S92_L003.pair2.truncated.gz.sai

[Tue Jan 30 13:04:50 2024]
localrule aln:
    input: /maps/projects/lundbeck/scratch/sslib_devel/mapped/trimmed/106503P-iadk-LV2002541205-P5s-srmQ-E-300bp-D10-cutsmart-rSAP_S94_L001.pair2.truncated.gz
    output: /maps/projects/lundbeck/scratch/sslib_devel/mapped/tmp/106503P-iadk-LV2002541205-P5s-srmQ-E-300bp-D10-cutsmart-rSAP_S94_L001.pair2.truncated.gz.sai
    jobid: 152
    reason: Missing output files: /maps/projects/lundbeck/scratch/sslib_devel/mapped/tmp/106503P-iadk-LV2002541205-P5s-srmQ-E-300bp-D10-cutsmart-rSAP_S94_L001.pair2.truncated.gz.sai
    wildcards: lib_lane=106503P-iadk-LV2002541205-P5s-srmQ-E-300bp-D10-cutsmart-rSAP_S94_L001, trim=pair2.truncated.gz
    threads: 12
    resources: tmpdir=/tmp

bwa aln -l 32 -t 12 /maps/projects/lundbeck/data/hg38/genome.fa /maps/projects/lundbeck/scratch/sslib_devel/mapped/trimmed/106503P-iadk-LV2002541205-P5s-srmQ-E-300bp-D10-cutsmart-rSAP_S94_L001.pair2.truncated.gz > /maps/projects/lundbeck/scratch/sslib_devel/mapped/tmp/106503P-iadk-LV2002541205-P5s-srmQ-E-300bp-D10-cutsmart-rSAP_S94_L001.pair2.truncated.gz.sai

[Tue Jan 30 13:04:50 2024]
localrule aln:
    input: /maps/projects/lundbeck/scratch/sslib_devel/mapped/trimmed/106503P-iadk-LV2002541205-P5s-srmQ-E-300bp-B4-control-rSAP_S92_L002.collapsed.gz
    output: /maps/projects/lundbeck/scratch/sslib_devel/mapped/tmp/106503P-iadk-LV2002541205-P5s-srmQ-E-300bp-B4-control-rSAP_S92_L002.collapsed.gz.sai
    jobid: 34
    reason: Missing output files: /maps/projects/lundbeck/scratch/sslib_devel/mapped/tmp/106503P-iadk-LV2002541205-P5s-srmQ-E-300bp-B4-control-rSAP_S92_L002.collapsed.gz.sai
    wildcards: lib_lane=106503P-iadk-LV2002541205-P5s-srmQ-E-300bp-B4-control-rSAP_S92_L002, trim=collapsed.gz
    threads: 12
    resources: tmpdir=/tmp

bwa aln -l 32 -t 12 /maps/projects/lundbeck/data/hg38/genome.fa /maps/projects/lundbeck/scratch/sslib_devel/mapped/trimmed/106503P-iadk-LV2002541205-P5s-srmQ-E-300bp-B4-control-rSAP_S92_L002.collapsed.gz > /maps/projects/lundbeck/scratch/sslib_devel/mapped/tmp/106503P-iadk-LV2002541205-P5s-srmQ-E-300bp-B4-control-rSAP_S92_L002.collapsed.gz.sai

[Tue Jan 30 13:04:50 2024]
localrule aln:
    input: /maps/projects/lundbeck/scratch/sslib_devel/mapped/trimmed/106503P-iadk-LV2002541205-P5s-srmQ-E-300bp-C7-cutsmart_S93_L001.pair1.truncated.gz
    output: /maps/projects/lundbeck/scratch/sslib_devel/mapped/tmp/106503P-iadk-LV2002541205-P5s-srmQ-E-300bp-C7-cutsmart_S93_L001.pair1.truncated.gz.sai
    jobid: 97
    reason: Missing output files: /maps/projects/lundbeck/scratch/sslib_devel/mapped/tmp/106503P-iadk-LV2002541205-P5s-srmQ-E-300bp-C7-cutsmart_S93_L001.pair1.truncated.gz.sai
    wildcards: lib_lane=106503P-iadk-LV2002541205-P5s-srmQ-E-300bp-C7-cutsmart_S93_L001, trim=pair1.truncated.gz
    threads: 12
    resources: tmpdir=/tmp

bwa aln -l 32 -t 12 /maps/projects/lundbeck/data/hg38/genome.fa /maps/projects/lundbeck/scratch/sslib_devel/mapped/trimmed/106503P-iadk-LV2002541205-P5s-srmQ-E-300bp-C7-cutsmart_S93_L001.pair1.truncated.gz > /maps/projects/lundbeck/scratch/sslib_devel/mapped/tmp/106503P-iadk-LV2002541205-P5s-srmQ-E-300bp-C7-cutsmart_S93_L001.pair1.truncated.gz.sai

[Tue Jan 30 13:04:50 2024]
localrule aln:
    input: /maps/projects/lundbeck/scratch/sslib_devel/mapped/trimmed/106503P-iadk-LV2002541205-P5s-srmQ-E-300bp-A2-control_S91_L004.collapsed.gz
    output: /maps/projects/lundbeck/scratch/sslib_devel/mapped/tmp/106503P-iadk-LV2002541205-P5s-srmQ-E-300bp-A2-control_S91_L004.collapsed.gz.sai
    jobid: 80
    reason: Missing output files: /maps/projects/lundbeck/scratch/sslib_devel/mapped/tmp/106503P-iadk-LV2002541205-P5s-srmQ-E-300bp-A2-control_S91_L004.collapsed.gz.sai
    wildcards: lib_lane=106503P-iadk-LV2002541205-P5s-srmQ-E-300bp-A2-control_S91_L004, trim=collapsed.gz
    threads: 12
    resources: tmpdir=/tmp

bwa aln -l 32 -t 12 /maps/projects/lundbeck/data/hg38/genome.fa /maps/projects/lundbeck/scratch/sslib_devel/mapped/trimmed/106503P-iadk-LV2002541205-P5s-srmQ-E-300bp-A2-control_S91_L004.collapsed.gz > /maps/projects/lundbeck/scratch/sslib_devel/mapped/tmp/106503P-iadk-LV2002541205-P5s-srmQ-E-300bp-A2-control_S91_L004.collapsed.gz.sai

[Tue Jan 30 13:04:50 2024]
localrule aln:
    input: /maps/projects/lundbeck/scratch/sslib_devel/mapped/trimmed/106503P-iadk-LV2002541205-P5s-srmQ-E-300bp-A2-control_S91_L002.pair2.truncated.gz
    output: /maps/projects/lundbeck/scratch/sslib_devel/mapped/tmp/106503P-iadk-LV2002541205-P5s-srmQ-E-300bp-A2-control_S91_L002.pair2.truncated.gz.sai
    jobid: 56
    reason: Missing output files: /maps/projects/lundbeck/scratch/sslib_devel/mapped/tmp/106503P-iadk-LV2002541205-P5s-srmQ-E-300bp-A2-control_S91_L002.pair2.truncated.gz.sai
    wildcards: lib_lane=106503P-iadk-LV2002541205-P5s-srmQ-E-300bp-A2-control_S91_L002, trim=pair2.truncated.gz
    threads: 12
    resources: tmpdir=/tmp

bwa aln -l 32 -t 12 /maps/projects/lundbeck/data/hg38/genome.fa /maps/projects/lundbeck/scratch/sslib_devel/mapped/trimmed/106503P-iadk-LV2002541205-P5s-srmQ-E-300bp-A2-control_S91_L002.pair2.truncated.gz > /maps/projects/lundbeck/scratch/sslib_devel/mapped/tmp/106503P-iadk-LV2002541205-P5s-srmQ-E-300bp-A2-control_S91_L002.pair2.truncated.gz.sai

[Tue Jan 30 13:04:50 2024]
localrule aln:
    input: /maps/projects/lundbeck/scratch/sslib_devel/mapped/trimmed/106503P-iadk-LV2002541205-P5s-srmQ-E-300bp-C7-cutsmart_S93_L003.pair1.truncated.gz
    output: /maps/projects/lundbeck/scratch/sslib_devel/mapped/tmp/106503P-iadk-LV2002541205-P5s-srmQ-E-300bp-C7-cutsmart_S93_L003.pair1.truncated.gz.sai
    jobid: 103
    reason: Missing output files: /maps/projects/lundbeck/scratch/sslib_devel/mapped/tmp/106503P-iadk-LV2002541205-P5s-srmQ-E-300bp-C7-cutsmart_S93_L003.pair1.truncated.gz.sai
    wildcards: lib_lane=106503P-iadk-LV2002541205-P5s-srmQ-E-300bp-C7-cutsmart_S93_L003, trim=pair1.truncated.gz
    threads: 12
    resources: tmpdir=/tmp

bwa aln -l 32 -t 12 /maps/projects/lundbeck/data/hg38/genome.fa /maps/projects/lundbeck/scratch/sslib_devel/mapped/trimmed/106503P-iadk-LV2002541205-P5s-srmQ-E-300bp-C7-cutsmart_S93_L003.pair1.truncated.gz > /maps/projects/lundbeck/scratch/sslib_devel/mapped/tmp/106503P-iadk-LV2002541205-P5s-srmQ-E-300bp-C7-cutsmart_S93_L003.pair1.truncated.gz.sai

[Tue Jan 30 13:04:51 2024]
localrule aln:
    input: /maps/projects/lundbeck/scratch/sslib_devel/mapped/trimmed/106503P-iadk-LV2002541205-P5s-srmQ-E-300bp-B4-control-rSAP_S92_L003.pair1.truncated.gz
    output: /maps/projects/lundbeck/scratch/sslib_devel/mapped/tmp/106503P-iadk-LV2002541205-P5s-srmQ-E-300bp-B4-control-rSAP_S92_L003.pair1.truncated.gz.sai
    jobid: 25
    reason: Missing output files: /maps/projects/lundbeck/scratch/sslib_devel/mapped/tmp/106503P-iadk-LV2002541205-P5s-srmQ-E-300bp-B4-control-rSAP_S92_L003.pair1.truncated.gz.sai
    wildcards: lib_lane=106503P-iadk-LV2002541205-P5s-srmQ-E-300bp-B4-control-rSAP_S92_L003, trim=pair1.truncated.gz
    threads: 12
    resources: tmpdir=/tmp

bwa aln -l 32 -t 12 /maps/projects/lundbeck/data/hg38/genome.fa /maps/projects/lundbeck/scratch/sslib_devel/mapped/trimmed/106503P-iadk-LV2002541205-P5s-srmQ-E-300bp-B4-control-rSAP_S92_L003.pair1.truncated.gz > /maps/projects/lundbeck/scratch/sslib_devel/mapped/tmp/106503P-iadk-LV2002541205-P5s-srmQ-E-300bp-B4-control-rSAP_S92_L003.pair1.truncated.gz.sai

[Tue Jan 30 13:04:51 2024]
localrule aln:
    input: /maps/projects/lundbeck/scratch/sslib_devel/mapped/trimmed/106503P-iadk-LV2002541205-P5s-srmQ-E-300bp-D10-cutsmart-rSAP_S94_L001.pair1.truncated.gz
    output: /maps/projects/lundbeck/scratch/sslib_devel/mapped/tmp/106503P-iadk-LV2002541205-P5s-srmQ-E-300bp-D10-cutsmart-rSAP_S94_L001.pair1.truncated.gz.sai
    jobid: 151
    reason: Missing output files: /maps/projects/lundbeck/scratch/sslib_devel/mapped/tmp/106503P-iadk-LV2002541205-P5s-srmQ-E-300bp-D10-cutsmart-rSAP_S94_L001.pair1.truncated.gz.sai
    wildcards: lib_lane=106503P-iadk-LV2002541205-P5s-srmQ-E-300bp-D10-cutsmart-rSAP_S94_L001, trim=pair1.truncated.gz
    threads: 12
    resources: tmpdir=/tmp

bwa aln -l 32 -t 12 /maps/projects/lundbeck/data/hg38/genome.fa /maps/projects/lundbeck/scratch/sslib_devel/mapped/trimmed/106503P-iadk-LV2002541205-P5s-srmQ-E-300bp-D10-cutsmart-rSAP_S94_L001.pair1.truncated.gz > /maps/projects/lundbeck/scratch/sslib_devel/mapped/tmp/106503P-iadk-LV2002541205-P5s-srmQ-E-300bp-D10-cutsmart-rSAP_S94_L001.pair1.truncated.gz.sai
